[27-Nov-2023 11:09:59 UTC] PHP Warning:  require(fpdf/fpdf.php): failed to open stream: No such file or directory in D:\home\murraystate.edu\wwwroot\cis420\202380\Faculty\faculty-report-generate.php on line 2
[27-Nov-2023 11:09:59 UTC] PHP Warning:  require(fpdf/fpdf.php): failed to open stream: No such file or directory in D:\home\murraystate.edu\wwwroot\cis420\202380\Faculty\faculty-report-generate.php on line 2
[27-Nov-2023 11:09:59 UTC] PHP Fatal error:  require(): Failed opening required 'fpdf/fpdf.php' (include_path='.;C:\php\pear') in D:\home\murraystate.edu\wwwroot\cis420\202380\Faculty\faculty-report-generate.php on line 2
[27-Nov-2023 11:10:54 UTC] PHP Warning:  require(/cis420/202380/fpdf/fpdf.php): failed to open stream: No such file or directory in D:\home\murraystate.edu\wwwroot\cis420\202380\Faculty\faculty-report-generate.php on line 2
[27-Nov-2023 11:10:54 UTC] PHP Warning:  require(/cis420/202380/fpdf/fpdf.php): failed to open stream: No such file or directory in D:\home\murraystate.edu\wwwroot\cis420\202380\Faculty\faculty-report-generate.php on line 2
[27-Nov-2023 11:10:54 UTC] PHP Fatal error:  require(): Failed opening required '/cis420/202380/fpdf/fpdf.php' (include_path='.;C:\php\pear') in D:\home\murraystate.edu\wwwroot\cis420\202380\Faculty\faculty-report-generate.php on line 2
[28-Nov-2023 02:56:03 UTC] PHP Warning:  require(/fpdf/fpdf.php): failed to open stream: No such file or directory in D:\home\murraystate.edu\wwwroot\cis420\202380\Faculty\faculty-report-generate.php on line 2
[28-Nov-2023 02:56:03 UTC] PHP Warning:  require(/fpdf/fpdf.php): failed to open stream: No such file or directory in D:\home\murraystate.edu\wwwroot\cis420\202380\Faculty\faculty-report-generate.php on line 2
[28-Nov-2023 02:56:03 UTC] PHP Fatal error:  require(): Failed opening required '/fpdf/fpdf.php' (include_path='.;C:\php\pear') in D:\home\murraystate.edu\wwwroot\cis420\202380\Faculty\faculty-report-generate.php on line 2
[28-Nov-2023 02:57:26 UTC] PHP Warning:  require(/fpdf/fpdf.php): failed to open stream: No such file or directory in D:\home\murraystate.edu\wwwroot\cis420\202380\Faculty\faculty-report-generate.php on line 2
[28-Nov-2023 02:57:26 UTC] PHP Warning:  require(/fpdf/fpdf.php): failed to open stream: No such file or directory in D:\home\murraystate.edu\wwwroot\cis420\202380\Faculty\faculty-report-generate.php on line 2
[28-Nov-2023 02:57:26 UTC] PHP Fatal error:  require(): Failed opening required '/fpdf/fpdf.php' (include_path='.;C:\php\pear') in D:\home\murraystate.edu\wwwroot\cis420\202380\Faculty\faculty-report-generate.php on line 2
[28-Nov-2023 02:58:02 UTC] PHP Warning:  require(/fpdf/fpdf.php): failed to open stream: No such file or directory in D:\home\murraystate.edu\wwwroot\cis420\202380\Faculty\faculty-report-generate.php on line 2
[28-Nov-2023 02:58:02 UTC] PHP Warning:  require(/fpdf/fpdf.php): failed to open stream: No such file or directory in D:\home\murraystate.edu\wwwroot\cis420\202380\Faculty\faculty-report-generate.php on line 2
[28-Nov-2023 02:58:02 UTC] PHP Fatal error:  require(): Failed opening required '/fpdf/fpdf.php' (include_path='.;C:\php\pear') in D:\home\murraystate.edu\wwwroot\cis420\202380\Faculty\faculty-report-generate.php on line 2
[28-Nov-2023 09:51:13 UTC] PHP Fatal error:  Uncaught Error: Class 'StudentClass' not found in D:\home\murraystate.edu\wwwroot\cis420\202380\Faculty\faculty-tools.php:301
Stack trace:
#0 {main}
  thrown in D:\home\murraystate.edu\wwwroot\cis420\202380\Faculty\faculty-tools.php on line 301
[28-Nov-2023 09:57:20 UTC] PHP Notice:  Undefined variable: $valueObj in D:\home\murraystate.edu\wwwroot\cis420\202380\Faculty\faculty-tools.php on line 199
[28-Nov-2023 09:57:20 UTC] PHP Fatal error:  Uncaught Error: Call to a member function outputRow() on null in D:\home\murraystate.edu\wwwroot\cis420\202380\Faculty\faculty-tools.php:199
Stack trace:
#0 {main}
  thrown in D:\home\murraystate.edu\wwwroot\cis420\202380\Faculty\faculty-tools.php on line 199
[28-Nov-2023 09:57:36 UTC] PHP Notice:  Undefined variable: M00304153Obj in D:\home\murraystate.edu\wwwroot\cis420\202380\Faculty\faculty-tools.php on line 199
[28-Nov-2023 09:57:36 UTC] PHP Fatal error:  Uncaught Error: Call to a member function outputRow() on null in D:\home\murraystate.edu\wwwroot\cis420\202380\Faculty\faculty-tools.php:199
Stack trace:
#0 {main}
  thrown in D:\home\murraystate.edu\wwwroot\cis420\202380\Faculty\faculty-tools.php on line 199
[28-Nov-2023 10:01:26 UTC] PHP Notice:  Undefined variable: M00304153Obj in D:\home\murraystate.edu\wwwroot\cis420\202380\Faculty\faculty-tools.php on line 365
[28-Nov-2023 10:01:26 UTC] PHP Fatal error:  Uncaught Error: Call to a member function outputRow() on null in D:\home\murraystate.edu\wwwroot\cis420\202380\Faculty\faculty-tools.php:365
Stack trace:
#0 {main}
  thrown in D:\home\murraystate.edu\wwwroot\cis420\202380\Faculty\faculty-tools.php on line 365
[28-Nov-2023 10:01:26 UTC] PHP Notice:  Undefined variable: M00304153Obj in D:\home\murraystate.edu\wwwroot\cis420\202380\Faculty\faculty-tools.php on line 365
[28-Nov-2023 10:01:26 UTC] PHP Fatal error:  Uncaught Error: Call to a member function outputRow() on null in D:\home\murraystate.edu\wwwroot\cis420\202380\Faculty\faculty-tools.php:365
Stack trace:
#0 {main}
  thrown in D:\home\murraystate.edu\wwwroot\cis420\202380\Faculty\faculty-tools.php on line 365
[28-Nov-2023 10:01:27 UTC] PHP Notice:  Undefined variable: M00304153Obj in D:\home\murraystate.edu\wwwroot\cis420\202380\Faculty\faculty-tools.php on line 365
[28-Nov-2023 10:01:27 UTC] PHP Fatal error:  Uncaught Error: Call to a member function outputRow() on null in D:\home\murraystate.edu\wwwroot\cis420\202380\Faculty\faculty-tools.php:365
Stack trace:
#0 {main}
  thrown in D:\home\murraystate.edu\wwwroot\cis420\202380\Faculty\faculty-tools.php on line 365
[28-Nov-2023 10:01:27 UTC] PHP Notice:  Undefined variable: M00304153Obj in D:\home\murraystate.edu\wwwroot\cis420\202380\Faculty\faculty-tools.php on line 365
[28-Nov-2023 10:01:27 UTC] PHP Fatal error:  Uncaught Error: Call to a member function outputRow() on null in D:\home\murraystate.edu\wwwroot\cis420\202380\Faculty\faculty-tools.php:365
Stack trace:
#0 {main}
  thrown in D:\home\murraystate.edu\wwwroot\cis420\202380\Faculty\faculty-tools.php on line 365
[28-Nov-2023 10:01:29 UTC] PHP Notice:  Undefined variable: M00304153Obj in D:\home\murraystate.edu\wwwroot\cis420\202380\Faculty\faculty-tools.php on line 365
[28-Nov-2023 10:01:29 UTC] PHP Fatal error:  Uncaught Error: Call to a member function outputRow() on null in D:\home\murraystate.edu\wwwroot\cis420\202380\Faculty\faculty-tools.php:365
Stack trace:
#0 {main}
  thrown in D:\home\murraystate.edu\wwwroot\cis420\202380\Faculty\faculty-tools.php on line 365
[28-Nov-2023 10:01:29 UTC] PHP Notice:  Undefined variable: M00304153Obj in D:\home\murraystate.edu\wwwroot\cis420\202380\Faculty\faculty-tools.php on line 365
[28-Nov-2023 10:01:29 UTC] PHP Fatal error:  Uncaught Error: Call to a member function outputRow() on null in D:\home\murraystate.edu\wwwroot\cis420\202380\Faculty\faculty-tools.php:365
Stack trace:
#0 {main}
  thrown in D:\home\murraystate.edu\wwwroot\cis420\202380\Faculty\faculty-tools.php on line 365
[28-Nov-2023 10:01:36 UTC] PHP Notice:  Undefined variable: M00304153Obj in D:\home\murraystate.edu\wwwroot\cis420\202380\Faculty\faculty-tools.php on line 365
[28-Nov-2023 10:01:36 UTC] PHP Fatal error:  Uncaught Error: Call to a member function outputRow() on null in D:\home\murraystate.edu\wwwroot\cis420\202380\Faculty\faculty-tools.php:365
Stack trace:
#0 {main}
  thrown in D:\home\murraystate.edu\wwwroot\cis420\202380\Faculty\faculty-tools.php on line 365
[28-Nov-2023 10:02:52 UTC] PHP Notice:  Undefined variable: M00304153Obj in D:\home\murraystate.edu\wwwroot\cis420\202380\Faculty\faculty-tools.php on line 365
[28-Nov-2023 10:02:52 UTC] PHP Fatal error:  Uncaught Error: Call to a member function outputRow() on null in D:\home\murraystate.edu\wwwroot\cis420\202380\Faculty\faculty-tools.php:365
Stack trace:
#0 {main}
  thrown in D:\home\murraystate.edu\wwwroot\cis420\202380\Faculty\faculty-tools.php on line 365
[28-Nov-2023 10:04:41 UTC] PHP Notice:  Undefined variable: M00304153Obj in D:\home\murraystate.edu\wwwroot\cis420\202380\Faculty\faculty-tools.php on line 365
[28-Nov-2023 10:04:41 UTC] PHP Fatal error:  Uncaught Error: Call to a member function outputRow() on null in D:\home\murraystate.edu\wwwroot\cis420\202380\Faculty\faculty-tools.php:365
Stack trace:
#0 {main}
  thrown in D:\home\murraystate.edu\wwwroot\cis420\202380\Faculty\faculty-tools.php on line 365
[28-Nov-2023 10:05:04 UTC] PHP Notice:  Undefined variable: M00304153Obj in D:\home\murraystate.edu\wwwroot\cis420\202380\Faculty\faculty-tools.php on line 365
[28-Nov-2023 10:05:04 UTC] PHP Fatal error:  Uncaught Error: Call to a member function outputRow() on null in D:\home\murraystate.edu\wwwroot\cis420\202380\Faculty\faculty-tools.php:365
Stack trace:
#0 {main}
  thrown in D:\home\murraystate.edu\wwwroot\cis420\202380\Faculty\faculty-tools.php on line 365
[28-Nov-2023 10:06:06 UTC] PHP Notice:  Undefined variable: M00304153Obj in D:\home\murraystate.edu\wwwroot\cis420\202380\Faculty\faculty-tools.php on line 365
[28-Nov-2023 10:06:06 UTC] PHP Fatal error:  Uncaught Error: Call to a member function outputRow() on null in D:\home\murraystate.edu\wwwroot\cis420\202380\Faculty\faculty-tools.php:365
Stack trace:
#0 {main}
  thrown in D:\home\murraystate.edu\wwwroot\cis420\202380\Faculty\faculty-tools.php on line 365
[28-Nov-2023 10:11:01 UTC] PHP Notice:  Undefined variable: M00304153Obj in D:\home\murraystate.edu\wwwroot\cis420\202380\Faculty\faculty-tools.php on line 365
[28-Nov-2023 10:11:01 UTC] PHP Fatal error:  Uncaught Error: Call to a member function outputRow() on null in D:\home\murraystate.edu\wwwroot\cis420\202380\Faculty\faculty-tools.php:365
Stack trace:
#0 {main}
  thrown in D:\home\murraystate.edu\wwwroot\cis420\202380\Faculty\faculty-tools.php on line 365
[28-Nov-2023 10:11:08 UTC] PHP Notice:  Undefined variable: M00304153Obj in D:\home\murraystate.edu\wwwroot\cis420\202380\Faculty\faculty-tools.php on line 365
[28-Nov-2023 10:11:08 UTC] PHP Fatal error:  Uncaught Error: Call to a member function outputRow() on null in D:\home\murraystate.edu\wwwroot\cis420\202380\Faculty\faculty-tools.php:365
Stack trace:
#0 {main}
  thrown in D:\home\murraystate.edu\wwwroot\cis420\202380\Faculty\faculty-tools.php on line 365
[28-Nov-2023 10:17:38 UTC] PHP Notice:  Undefined variable: M00304153Obj in D:\home\murraystate.edu\wwwroot\cis420\202380\Faculty\faculty-tools.php on line 365
[28-Nov-2023 10:17:38 UTC] PHP Fatal error:  Uncaught Error: Call to a member function outputRow() on null in D:\home\murraystate.edu\wwwroot\cis420\202380\Faculty\faculty-tools.php:365
Stack trace:
#0 {main}
  thrown in D:\home\murraystate.edu\wwwroot\cis420\202380\Faculty\faculty-tools.php on line 365
[28-Nov-2023 10:19:48 UTC] PHP Notice:  Undefined variable: M00304153Obj in D:\home\murraystate.edu\wwwroot\cis420\202380\Faculty\faculty-tools.php on line 365
[28-Nov-2023 10:19:48 UTC] PHP Fatal error:  Uncaught Error: Call to a member function outputRow() on null in D:\home\murraystate.edu\wwwroot\cis420\202380\Faculty\faculty-tools.php:365
Stack trace:
#0 {main}
  thrown in D:\home\murraystate.edu\wwwroot\cis420\202380\Faculty\faculty-tools.php on line 365
[28-Nov-2023 10:19:49 UTC] PHP Notice:  Undefined variable: M00304153Obj in D:\home\murraystate.edu\wwwroot\cis420\202380\Faculty\faculty-tools.php on line 365
[28-Nov-2023 10:19:49 UTC] PHP Fatal error:  Uncaught Error: Call to a member function outputRow() on null in D:\home\murraystate.edu\wwwroot\cis420\202380\Faculty\faculty-tools.php:365
Stack trace:
#0 {main}
  thrown in D:\home\murraystate.edu\wwwroot\cis420\202380\Faculty\faculty-tools.php on line 365
[28-Nov-2023 10:19:50 UTC] PHP Notice:  Undefined variable: M00304153Obj in D:\home\murraystate.edu\wwwroot\cis420\202380\Faculty\faculty-tools.php on line 365
[28-Nov-2023 10:19:50 UTC] PHP Fatal error:  Uncaught Error: Call to a member function outputRow() on null in D:\home\murraystate.edu\wwwroot\cis420\202380\Faculty\faculty-tools.php:365
Stack trace:
#0 {main}
  thrown in D:\home\murraystate.edu\wwwroot\cis420\202380\Faculty\faculty-tools.php on line 365
[28-Nov-2023 10:19:50 UTC] PHP Notice:  Undefined variable: M00304153Obj in D:\home\murraystate.edu\wwwroot\cis420\202380\Faculty\faculty-tools.php on line 365
[28-Nov-2023 10:19:50 UTC] PHP Fatal error:  Uncaught Error: Call to a member function outputRow() on null in D:\home\murraystate.edu\wwwroot\cis420\202380\Faculty\faculty-tools.php:365
Stack trace:
#0 {main}
  thrown in D:\home\murraystate.edu\wwwroot\cis420\202380\Faculty\faculty-tools.php on line 365
[28-Nov-2023 10:19:50 UTC] PHP Notice:  Undefined variable: M00304153Obj in D:\home\murraystate.edu\wwwroot\cis420\202380\Faculty\faculty-tools.php on line 365
[28-Nov-2023 10:19:50 UTC] PHP Fatal error:  Uncaught Error: Call to a member function outputRow() on null in D:\home\murraystate.edu\wwwroot\cis420\202380\Faculty\faculty-tools.php:365
Stack trace:
#0 {main}
  thrown in D:\home\murraystate.edu\wwwroot\cis420\202380\Faculty\faculty-tools.php on line 365
[28-Nov-2023 10:19:51 UTC] PHP Notice:  Undefined variable: M00304153Obj in D:\home\murraystate.edu\wwwroot\cis420\202380\Faculty\faculty-tools.php on line 365
[28-Nov-2023 10:19:51 UTC] PHP Fatal error:  Uncaught Error: Call to a member function outputRow() on null in D:\home\murraystate.edu\wwwroot\cis420\202380\Faculty\faculty-tools.php:365
Stack trace:
#0 {main}
  thrown in D:\home\murraystate.edu\wwwroot\cis420\202380\Faculty\faculty-tools.php on line 365
[28-Nov-2023 10:19:51 UTC] PHP Notice:  Undefined variable: M00304153Obj in D:\home\murraystate.edu\wwwroot\cis420\202380\Faculty\faculty-tools.php on line 365
[28-Nov-2023 10:19:51 UTC] PHP Fatal error:  Uncaught Error: Call to a member function outputRow() on null in D:\home\murraystate.edu\wwwroot\cis420\202380\Faculty\faculty-tools.php:365
Stack trace:
#0 {main}
  thrown in D:\home\murraystate.edu\wwwroot\cis420\202380\Faculty\faculty-tools.php on line 365
[28-Nov-2023 10:20:03 UTC] PHP Notice:  Undefined variable: M00304153Obj in D:\home\murraystate.edu\wwwroot\cis420\202380\Faculty\faculty-tools.php on line 365
[28-Nov-2023 10:20:03 UTC] PHP Fatal error:  Uncaught Error: Call to a member function outputRow() on null in D:\home\murraystate.edu\wwwroot\cis420\202380\Faculty\faculty-tools.php:365
Stack trace:
#0 {main}
  thrown in D:\home\murraystate.edu\wwwroot\cis420\202380\Faculty\faculty-tools.php on line 365
[28-Nov-2023 10:20:27 UTC] PHP Warning:  Use of undefined constant StudentClass - assumed 'StudentClass' (this will throw an Error in a future version of PHP) in D:\home\murraystate.edu\wwwroot\cis420\202380\Faculty\faculty-tools.php on line 363
[28-Nov-2023 10:20:27 UTC] PHP Notice:  Undefined variable: M00304153Obj in D:\home\murraystate.edu\wwwroot\cis420\202380\Faculty\faculty-tools.php on line 365
[28-Nov-2023 10:20:27 UTC] PHP Fatal error:  Uncaught Error: Call to a member function outputRow() on null in D:\home\murraystate.edu\wwwroot\cis420\202380\Faculty\faculty-tools.php:365
Stack trace:
#0 {main}
  thrown in D:\home\murraystate.edu\wwwroot\cis420\202380\Faculty\faculty-tools.php on line 365
[28-Nov-2023 10:21:19 UTC] PHP Notice:  Undefined variable: M00304153Obj in D:\home\murraystate.edu\wwwroot\cis420\202380\Faculty\faculty-tools.php on line 365
[28-Nov-2023 10:21:19 UTC] PHP Fatal error:  Uncaught Error: Call to a member function outputRow() on null in D:\home\murraystate.edu\wwwroot\cis420\202380\Faculty\faculty-tools.php:365
Stack trace:
#0 {main}
  thrown in D:\home\murraystate.edu\wwwroot\cis420\202380\Faculty\faculty-tools.php on line 365
[28-Nov-2023 10:21:55 UTC] PHP Notice:  Undefined variable: M00304153Obj in D:\home\murraystate.edu\wwwroot\cis420\202380\Faculty\faculty-tools.php on line 365
[28-Nov-2023 10:21:55 UTC] PHP Fatal error:  Uncaught Error: Call to a member function outputRow() on null in D:\home\murraystate.edu\wwwroot\cis420\202380\Faculty\faculty-tools.php:365
Stack trace:
#0 {main}
  thrown in D:\home\murraystate.edu\wwwroot\cis420\202380\Faculty\faculty-tools.php on line 365
[04-Dec-2023 13:31:07 America/Chicago] PHP Notice:  Undefined offset: 1 in D:\home\murraystate.edu\wwwroot\cis420\202380\Faculty\faculty-report-generate.php on line 189
[04-Dec-2023 13:31:07 America/Chicago] PHP Notice:  Undefined index:  in D:\home\murraystate.edu\wwwroot\cis420\202380\Faculty\faculty-report-generate.php on line 189
[04-Dec-2023 13:31:07 America/Chicago] PHP Notice:  Undefined offset: 1 in D:\home\murraystate.edu\wwwroot\cis420\202380\Faculty\faculty-report-generate.php on line 191
[04-Dec-2023 13:31:07 America/Chicago] PHP Notice:  Undefined index:  in D:\home\murraystate.edu\wwwroot\cis420\202380\Faculty\faculty-report-generate.php on line 191
[04-Dec-2023 13:31:07 America/Chicago] PHP Notice:  Undefined offset: 1 in D:\home\murraystate.edu\wwwroot\cis420\202380\Faculty\faculty-report-generate.php on line 193
[04-Dec-2023 13:31:07 America/Chicago] PHP Notice:  Undefined index:  in D:\home\murraystate.edu\wwwroot\cis420\202380\Faculty\faculty-report-generate.php on line 193
[04-Dec-2023 13:31:07 America/Chicago] PHP Notice:  Undefined offset: 1 in D:\home\murraystate.edu\wwwroot\cis420\202380\Faculty\faculty-report-generate.php on line 195
[04-Dec-2023 13:31:07 America/Chicago] PHP Notice:  Undefined index:  in D:\home\murraystate.edu\wwwroot\cis420\202380\Faculty\faculty-report-generate.php on line 195
[04-Dec-2023 13:31:07 America/Chicago] PHP Notice:  Undefined offset: 1 in D:\home\murraystate.edu\wwwroot\cis420\202380\Faculty\faculty-report-generate.php on line 196
[04-Dec-2023 13:31:07 America/Chicago] PHP Notice:  Undefined offset: 2 in D:\home\murraystate.edu\wwwroot\cis420\202380\Faculty\faculty-report-generate.php on line 189
[04-Dec-2023 13:31:07 America/Chicago] PHP Notice:  Undefined index:  in D:\home\murraystate.edu\wwwroot\cis420\202380\Faculty\faculty-report-generate.php on line 189
[04-Dec-2023 13:31:07 America/Chicago] PHP Notice:  Undefined offset: 2 in D:\home\murraystate.edu\wwwroot\cis420\202380\Faculty\faculty-report-generate.php on line 191
[04-Dec-2023 13:31:07 America/Chicago] PHP Notice:  Undefined index:  in D:\home\murraystate.edu\wwwroot\cis420\202380\Faculty\faculty-report-generate.php on line 191
[04-Dec-2023 13:31:07 America/Chicago] PHP Notice:  Undefined offset: 2 in D:\home\murraystate.edu\wwwroot\cis420\202380\Faculty\faculty-report-generate.php on line 193
[04-Dec-2023 13:31:07 America/Chicago] PHP Notice:  Undefined index:  in D:\home\murraystate.edu\wwwroot\cis420\202380\Faculty\faculty-report-generate.php on line 193
[04-Dec-2023 13:31:07 America/Chicago] PHP Notice:  Undefined offset: 2 in D:\home\murraystate.edu\wwwroot\cis420\202380\Faculty\faculty-report-generate.php on line 195
[04-Dec-2023 13:31:07 America/Chicago] PHP Notice:  Undefined index:  in D:\home\murraystate.edu\wwwroot\cis420\202380\Faculty\faculty-report-generate.php on line 195
[04-Dec-2023 13:31:07 America/Chicago] PHP Notice:  Undefined offset: 2 in D:\home\murraystate.edu\wwwroot\cis420\202380\Faculty\faculty-report-generate.php on line 196
[04-Dec-2023 13:31:07 America/Chicago] PHP Notice:  Undefined offset: 3 in D:\home\murraystate.edu\wwwroot\cis420\202380\Faculty\faculty-report-generate.php on line 189
[04-Dec-2023 13:31:07 America/Chicago] PHP Notice:  Undefined index:  in D:\home\murraystate.edu\wwwroot\cis420\202380\Faculty\faculty-report-generate.php on line 189
[04-Dec-2023 13:31:07 America/Chicago] PHP Notice:  Undefined offset: 3 in D:\home\murraystate.edu\wwwroot\cis420\202380\Faculty\faculty-report-generate.php on line 191
[04-Dec-2023 13:31:07 America/Chicago] PHP Notice:  Undefined index:  in D:\home\murraystate.edu\wwwroot\cis420\202380\Faculty\faculty-report-generate.php on line 191
[04-Dec-2023 13:31:07 America/Chicago] PHP Notice:  Undefined offset: 3 in D:\home\murraystate.edu\wwwroot\cis420\202380\Faculty\faculty-report-generate.php on line 193
[04-Dec-2023 13:31:07 America/Chicago] PHP Notice:  Undefined index:  in D:\home\murraystate.edu\wwwroot\cis420\202380\Faculty\faculty-report-generate.php on line 193
[04-Dec-2023 13:31:07 America/Chicago] PHP Notice:  Undefined offset: 3 in D:\home\murraystate.edu\wwwroot\cis420\202380\Faculty\faculty-report-generate.php on line 195
[04-Dec-2023 13:31:07 America/Chicago] PHP Notice:  Undefined index:  in D:\home\murraystate.edu\wwwroot\cis420\202380\Faculty\faculty-report-generate.php on line 195
[04-Dec-2023 13:31:07 America/Chicago] PHP Notice:  Undefined offset: 3 in D:\home\murraystate.edu\wwwroot\cis420\202380\Faculty\faculty-report-generate.php on line 196
[04-Dec-2023 13:31:07 America/Chicago] PHP Notice:  Undefined offset: 1 in D:\home\murraystate.edu\wwwroot\cis420\202380\Faculty\faculty-report-generate.php on line 189
[04-Dec-2023 13:31:07 America/Chicago] PHP Notice:  Undefined index:  in D:\home\murraystate.edu\wwwroot\cis420\202380\Faculty\faculty-report-generate.php on line 189
[04-Dec-2023 13:31:07 America/Chicago] PHP Notice:  Undefined offset: 1 in D:\home\murraystate.edu\wwwroot\cis420\202380\Faculty\faculty-report-generate.php on line 191
[04-Dec-2023 13:31:07 America/Chicago] PHP Notice:  Undefined index:  in D:\home\murraystate.edu\wwwroot\cis420\202380\Faculty\faculty-report-generate.php on line 191
[04-Dec-2023 13:31:07 America/Chicago] PHP Notice:  Undefined offset: 1 in D:\home\murraystate.edu\wwwroot\cis420\202380\Faculty\faculty-report-generate.php on line 193
[04-Dec-2023 13:31:07 America/Chicago] PHP Notice:  Undefined index:  in D:\home\murraystate.edu\wwwroot\cis420\202380\Faculty\faculty-report-generate.php on line 193
[04-Dec-2023 13:31:07 America/Chicago] PHP Notice:  Undefined offset: 1 in D:\home\murraystate.edu\wwwroot\cis420\202380\Faculty\faculty-report-generate.php on line 195
[04-Dec-2023 13:31:07 America/Chicago] PHP Notice:  Undefined index:  in D:\home\murraystate.edu\wwwroot\cis420\202380\Faculty\faculty-report-generate.php on line 195
[04-Dec-2023 13:31:07 America/Chicago] PHP Notice:  Undefined offset: 1 in D:\home\murraystate.edu\wwwroot\cis420\202380\Faculty\faculty-report-generate.php on line 196
[04-Dec-2023 13:31:07 America/Chicago] PHP Notice:  Undefined offset: 2 in D:\home\murraystate.edu\wwwroot\cis420\202380\Faculty\faculty-report-generate.php on line 189
[04-Dec-2023 13:31:07 America/Chicago] PHP Notice:  Undefined index:  in D:\home\murraystate.edu\wwwroot\cis420\202380\Faculty\faculty-report-generate.php on line 189
[04-Dec-2023 13:31:07 America/Chicago] PHP Notice:  Undefined offset: 2 in D:\home\murraystate.edu\wwwroot\cis420\202380\Faculty\faculty-report-generate.php on line 191
[04-Dec-2023 13:31:07 America/Chicago] PHP Notice:  Undefined index:  in D:\home\murraystate.edu\wwwroot\cis420\202380\Faculty\faculty-report-generate.php on line 191
[04-Dec-2023 13:31:07 America/Chicago] PHP Notice:  Undefined offset: 2 in D:\home\murraystate.edu\wwwroot\cis420\202380\Faculty\faculty-report-generate.php on line 193
[04-Dec-2023 13:31:07 America/Chicago] PHP Notice:  Undefined index:  in D:\home\murraystate.edu\wwwroot\cis420\202380\Faculty\faculty-report-generate.php on line 193
[04-Dec-2023 13:31:07 America/Chicago] PHP Notice:  Undefined offset: 2 in D:\home\murraystate.edu\wwwroot\cis420\202380\Faculty\faculty-report-generate.php on line 195
[04-Dec-2023 13:31:07 America/Chicago] PHP Notice:  Undefined index:  in D:\home\murraystate.edu\wwwroot\cis420\202380\Faculty\faculty-report-generate.php on line 195
[04-Dec-2023 13:31:07 America/Chicago] PHP Notice:  Undefined offset: 2 in D:\home\murraystate.edu\wwwroot\cis420\202380\Faculty\faculty-report-generate.php on line 196
[04-Dec-2023 13:31:07 America/Chicago] PHP Fatal error:  Uncaught Exception: FPDF error: Some data has already been output, can't send PDF file in D:\home\murraystate.edu\wwwroot\cis420\202380\Faculty\fpdf\fpdf.php:267
Stack trace:
#0 D:\home\murraystate.edu\wwwroot\cis420\202380\Faculty\fpdf\fpdf.php(1058): FPDF->Error('Some data has a...')
#1 D:\home\murraystate.edu\wwwroot\cis420\202380\Faculty\fpdf\fpdf.php(1017): FPDF->_checkoutput()
#2 D:\home\murraystate.edu\wwwroot\cis420\202380\Faculty\faculty-report-generate.php(215): FPDF->Output('D', 'MSU Student Rep...', false)
#3 {main}
  thrown in D:\home\murraystate.edu\wwwroot\cis420\202380\Faculty\fpdf\fpdf.php on line 267
[04-Dec-2023 13:31:36 America/Chicago] PHP Notice:  Undefined index: Title in D:\home\murraystate.edu\wwwroot\cis420\202380\Faculty\faculty-report-generate.php on line 189
[04-Dec-2023 13:31:36 America/Chicago] PHP Notice:  Undefined index: Organization in D:\home\murraystate.edu\wwwroot\cis420\202380\Faculty\faculty-report-generate.php on line 191
[04-Dec-2023 13:31:36 America/Chicago] PHP Notice:  Undefined index: Start in D:\home\murraystate.edu\wwwroot\cis420\202380\Faculty\faculty-report-generate.php on line 193
[04-Dec-2023 13:31:36 America/Chicago] PHP Notice:  Undefined index: End in D:\home\murraystate.edu\wwwroot\cis420\202380\Faculty\faculty-report-generate.php on line 195
[04-Dec-2023 13:31:36 America/Chicago] PHP Notice:  Undefined index: Title in D:\home\murraystate.edu\wwwroot\cis420\202380\Faculty\faculty-report-generate.php on line 189
[04-Dec-2023 13:31:36 America/Chicago] PHP Notice:  Undefined index: Organization in D:\home\murraystate.edu\wwwroot\cis420\202380\Faculty\faculty-report-generate.php on line 191
[04-Dec-2023 13:31:36 America/Chicago] PHP Notice:  Undefined index: Start in D:\home\murraystate.edu\wwwroot\cis420\202380\Faculty\faculty-report-generate.php on line 193
[04-Dec-2023 13:31:36 America/Chicago] PHP Notice:  Undefined index: End in D:\home\murraystate.edu\wwwroot\cis420\202380\Faculty\faculty-report-generate.php on line 195
[04-Dec-2023 13:31:36 America/Chicago] PHP Notice:  Undefined index: Title in D:\home\murraystate.edu\wwwroot\cis420\202380\Faculty\faculty-report-generate.php on line 189
[04-Dec-2023 13:31:36 America/Chicago] PHP Notice:  Undefined index: Organization in D:\home\murraystate.edu\wwwroot\cis420\202380\Faculty\faculty-report-generate.php on line 191
[04-Dec-2023 13:31:36 America/Chicago] PHP Notice:  Undefined index: Start in D:\home\murraystate.edu\wwwroot\cis420\202380\Faculty\faculty-report-generate.php on line 193
[04-Dec-2023 13:31:36 America/Chicago] PHP Notice:  Undefined index: End in D:\home\murraystate.edu\wwwroot\cis420\202380\Faculty\faculty-report-generate.php on line 195
[04-Dec-2023 13:31:36 America/Chicago] PHP Notice:  Undefined index: Title in D:\home\murraystate.edu\wwwroot\cis420\202380\Faculty\faculty-report-generate.php on line 189
[04-Dec-2023 13:31:36 America/Chicago] PHP Notice:  Undefined index: Organization in D:\home\murraystate.edu\wwwroot\cis420\202380\Faculty\faculty-report-generate.php on line 191
[04-Dec-2023 13:31:36 America/Chicago] PHP Notice:  Undefined index: Start in D:\home\murraystate.edu\wwwroot\cis420\202380\Faculty\faculty-report-generate.php on line 193
[04-Dec-2023 13:31:36 America/Chicago] PHP Notice:  Undefined index: End in D:\home\murraystate.edu\wwwroot\cis420\202380\Faculty\faculty-report-generate.php on line 195
[04-Dec-2023 13:31:36 America/Chicago] PHP Notice:  Undefined index: Title in D:\home\murraystate.edu\wwwroot\cis420\202380\Faculty\faculty-report-generate.php on line 189
[04-Dec-2023 13:31:36 America/Chicago] PHP Notice:  Undefined index: Organization in D:\home\murraystate.edu\wwwroot\cis420\202380\Faculty\faculty-report-generate.php on line 191
[04-Dec-2023 13:31:36 America/Chicago] PHP Notice:  Undefined index: Start in D:\home\murraystate.edu\wwwroot\cis420\202380\Faculty\faculty-report-generate.php on line 193
[04-Dec-2023 13:31:36 America/Chicago] PHP Notice:  Undefined index: End in D:\home\murraystate.edu\wwwroot\cis420\202380\Faculty\faculty-report-generate.php on line 195
[04-Dec-2023 13:31:36 America/Chicago] PHP Fatal error:  Uncaught Exception: FPDF error: Some data has already been output, can't send PDF file in D:\home\murraystate.edu\wwwroot\cis420\202380\Faculty\fpdf\fpdf.php:267
Stack trace:
#0 D:\home\murraystate.edu\wwwroot\cis420\202380\Faculty\fpdf\fpdf.php(1058): FPDF->Error('Some data has a...')
#1 D:\home\murraystate.edu\wwwroot\cis420\202380\Faculty\fpdf\fpdf.php(1017): FPDF->_checkoutput()
#2 D:\home\murraystate.edu\wwwroot\cis420\202380\Faculty\faculty-report-generate.php(215): FPDF->Output('D', 'MSU Student Rep...', false)
#3 {main}
  thrown in D:\home\murraystate.edu\wwwroot\cis420\202380\Faculty\fpdf\fpdf.php on line 267
[04-Dec-2023 13:32:02 America/Chicago] PHP Notice:  Undefined offset: 1 in D:\home\murraystate.edu\wwwroot\cis420\202380\Faculty\faculty-report-generate.php on line 189
[04-Dec-2023 13:32:02 America/Chicago] PHP Notice:  Undefined index:  in D:\home\murraystate.edu\wwwroot\cis420\202380\Faculty\faculty-report-generate.php on line 189
[04-Dec-2023 13:32:02 America/Chicago] PHP Notice:  Undefined offset: 1 in D:\home\murraystate.edu\wwwroot\cis420\202380\Faculty\faculty-report-generate.php on line 191
[04-Dec-2023 13:32:02 America/Chicago] PHP Notice:  Undefined index:  in D:\home\murraystate.edu\wwwroot\cis420\202380\Faculty\faculty-report-generate.php on line 191
[04-Dec-2023 13:32:02 America/Chicago] PHP Notice:  Undefined offset: 1 in D:\home\murraystate.edu\wwwroot\cis420\202380\Faculty\faculty-report-generate.php on line 193
[04-Dec-2023 13:32:02 America/Chicago] PHP Notice:  Undefined index:  in D:\home\murraystate.edu\wwwroot\cis420\202380\Faculty\faculty-report-generate.php on line 193
[04-Dec-2023 13:32:02 America/Chicago] PHP Notice:  Undefined offset: 1 in D:\home\murraystate.edu\wwwroot\cis420\202380\Faculty\faculty-report-generate.php on line 195
[04-Dec-2023 13:32:02 America/Chicago] PHP Notice:  Undefined index:  in D:\home\murraystate.edu\wwwroot\cis420\202380\Faculty\faculty-report-generate.php on line 195
[04-Dec-2023 13:32:02 America/Chicago] PHP Notice:  Undefined offset: 1 in D:\home\murraystate.edu\wwwroot\cis420\202380\Faculty\faculty-report-generate.php on line 196
[04-Dec-2023 13:32:02 America/Chicago] PHP Notice:  Undefined offset: 2 in D:\home\murraystate.edu\wwwroot\cis420\202380\Faculty\faculty-report-generate.php on line 189
[04-Dec-2023 13:32:02 America/Chicago] PHP Notice:  Undefined index:  in D:\home\murraystate.edu\wwwroot\cis420\202380\Faculty\faculty-report-generate.php on line 189
[04-Dec-2023 13:32:02 America/Chicago] PHP Notice:  Undefined offset: 2 in D:\home\murraystate.edu\wwwroot\cis420\202380\Faculty\faculty-report-generate.php on line 191
[04-Dec-2023 13:32:02 America/Chicago] PHP Notice:  Undefined index:  in D:\home\murraystate.edu\wwwroot\cis420\202380\Faculty\faculty-report-generate.php on line 191
[04-Dec-2023 13:32:02 America/Chicago] PHP Notice:  Undefined offset: 2 in D:\home\murraystate.edu\wwwroot\cis420\202380\Faculty\faculty-report-generate.php on line 193
[04-Dec-2023 13:32:02 America/Chicago] PHP Notice:  Undefined index:  in D:\home\murraystate.edu\wwwroot\cis420\202380\Faculty\faculty-report-generate.php on line 193
[04-Dec-2023 13:32:02 America/Chicago] PHP Notice:  Undefined offset: 2 in D:\home\murraystate.edu\wwwroot\cis420\202380\Faculty\faculty-report-generate.php on line 195
[04-Dec-2023 13:32:02 America/Chicago] PHP Notice:  Undefined index:  in D:\home\murraystate.edu\wwwroot\cis420\202380\Faculty\faculty-report-generate.php on line 195
[04-Dec-2023 13:32:02 America/Chicago] PHP Notice:  Undefined offset: 2 in D:\home\murraystate.edu\wwwroot\cis420\202380\Faculty\faculty-report-generate.php on line 196
[04-Dec-2023 13:32:02 America/Chicago] PHP Notice:  Undefined offset: 3 in D:\home\murraystate.edu\wwwroot\cis420\202380\Faculty\faculty-report-generate.php on line 189
[04-Dec-2023 13:32:02 America/Chicago] PHP Notice:  Undefined index:  in D:\home\murraystate.edu\wwwroot\cis420\202380\Faculty\faculty-report-generate.php on line 189
[04-Dec-2023 13:32:02 America/Chicago] PHP Notice:  Undefined offset: 3 in D:\home\murraystate.edu\wwwroot\cis420\202380\Faculty\faculty-report-generate.php on line 191
[04-Dec-2023 13:32:02 America/Chicago] PHP Notice:  Undefined index:  in D:\home\murraystate.edu\wwwroot\cis420\202380\Faculty\faculty-report-generate.php on line 191
[04-Dec-2023 13:32:02 America/Chicago] PHP Notice:  Undefined offset: 3 in D:\home\murraystate.edu\wwwroot\cis420\202380\Faculty\faculty-report-generate.php on line 193
[04-Dec-2023 13:32:02 America/Chicago] PHP Notice:  Undefined index:  in D:\home\murraystate.edu\wwwroot\cis420\202380\Faculty\faculty-report-generate.php on line 193
[04-Dec-2023 13:32:02 America/Chicago] PHP Notice:  Undefined offset: 3 in D:\home\murraystate.edu\wwwroot\cis420\202380\Faculty\faculty-report-generate.php on line 195
[04-Dec-2023 13:32:02 America/Chicago] PHP Notice:  Undefined index:  in D:\home\murraystate.edu\wwwroot\cis420\202380\Faculty\faculty-report-generate.php on line 195
[04-Dec-2023 13:32:02 America/Chicago] PHP Notice:  Undefined offset: 3 in D:\home\murraystate.edu\wwwroot\cis420\202380\Faculty\faculty-report-generate.php on line 196
[04-Dec-2023 13:32:02 America/Chicago] PHP Notice:  Undefined offset: 1 in D:\home\murraystate.edu\wwwroot\cis420\202380\Faculty\faculty-report-generate.php on line 189
[04-Dec-2023 13:32:02 America/Chicago] PHP Notice:  Undefined index:  in D:\home\murraystate.edu\wwwroot\cis420\202380\Faculty\faculty-report-generate.php on line 189
[04-Dec-2023 13:32:02 America/Chicago] PHP Notice:  Undefined offset: 1 in D:\home\murraystate.edu\wwwroot\cis420\202380\Faculty\faculty-report-generate.php on line 191
[04-Dec-2023 13:32:02 America/Chicago] PHP Notice:  Undefined index:  in D:\home\murraystate.edu\wwwroot\cis420\202380\Faculty\faculty-report-generate.php on line 191
[04-Dec-2023 13:32:02 America/Chicago] PHP Notice:  Undefined offset: 1 in D:\home\murraystate.edu\wwwroot\cis420\202380\Faculty\faculty-report-generate.php on line 193
[04-Dec-2023 13:32:02 America/Chicago] PHP Notice:  Undefined index:  in D:\home\murraystate.edu\wwwroot\cis420\202380\Faculty\faculty-report-generate.php on line 193
[04-Dec-2023 13:32:02 America/Chicago] PHP Notice:  Undefined offset: 1 in D:\home\murraystate.edu\wwwroot\cis420\202380\Faculty\faculty-report-generate.php on line 195
[04-Dec-2023 13:32:02 America/Chicago] PHP Notice:  Undefined index:  in D:\home\murraystate.edu\wwwroot\cis420\202380\Faculty\faculty-report-generate.php on line 195
[04-Dec-2023 13:32:02 America/Chicago] PHP Notice:  Undefined offset: 1 in D:\home\murraystate.edu\wwwroot\cis420\202380\Faculty\faculty-report-generate.php on line 196
[04-Dec-2023 13:32:02 America/Chicago] PHP Notice:  Undefined offset: 2 in D:\home\murraystate.edu\wwwroot\cis420\202380\Faculty\faculty-report-generate.php on line 189
[04-Dec-2023 13:32:02 America/Chicago] PHP Notice:  Undefined index:  in D:\home\murraystate.edu\wwwroot\cis420\202380\Faculty\faculty-report-generate.php on line 189
[04-Dec-2023 13:32:02 America/Chicago] PHP Notice:  Undefined offset: 2 in D:\home\murraystate.edu\wwwroot\cis420\202380\Faculty\faculty-report-generate.php on line 191
[04-Dec-2023 13:32:02 America/Chicago] PHP Notice:  Undefined index:  in D:\home\murraystate.edu\wwwroot\cis420\202380\Faculty\faculty-report-generate.php on line 191
[04-Dec-2023 13:32:02 America/Chicago] PHP Notice:  Undefined offset: 2 in D:\home\murraystate.edu\wwwroot\cis420\202380\Faculty\faculty-report-generate.php on line 193
[04-Dec-2023 13:32:02 America/Chicago] PHP Notice:  Undefined index:  in D:\home\murraystate.edu\wwwroot\cis420\202380\Faculty\faculty-report-generate.php on line 193
[04-Dec-2023 13:32:02 America/Chicago] PHP Notice:  Undefined offset: 2 in D:\home\murraystate.edu\wwwroot\cis420\202380\Faculty\faculty-report-generate.php on line 195
[04-Dec-2023 13:32:02 America/Chicago] PHP Notice:  Undefined index:  in D:\home\murraystate.edu\wwwroot\cis420\202380\Faculty\faculty-report-generate.php on line 195
[04-Dec-2023 13:32:02 America/Chicago] PHP Notice:  Undefined offset: 2 in D:\home\murraystate.edu\wwwroot\cis420\202380\Faculty\faculty-report-generate.php on line 196
[04-Dec-2023 13:32:02 America/Chicago] PHP Fatal error:  Uncaught Exception: FPDF error: Some data has already been output, can't send PDF file in D:\home\murraystate.edu\wwwroot\cis420\202380\Faculty\fpdf\fpdf.php:267
Stack trace:
#0 D:\home\murraystate.edu\wwwroot\cis420\202380\Faculty\fpdf\fpdf.php(1058): FPDF->Error('Some data has a...')
#1 D:\home\murraystate.edu\wwwroot\cis420\202380\Faculty\fpdf\fpdf.php(1017): FPDF->_checkoutput()
#2 D:\home\murraystate.edu\wwwroot\cis420\202380\Faculty\faculty-report-generate.php(215): FPDF->Output('D', 'MSU Student Rep...', false)
#3 {main}
  thrown in D:\home\murraystate.edu\wwwroot\cis420\202380\Faculty\fpdf\fpdf.php on line 267
[04-Dec-2023 13:32:25 America/Chicago] PHP Notice:  Undefined offset: 1 in D:\home\murraystate.edu\wwwroot\cis420\202380\Faculty\faculty-report-generate.php on line 189
[04-Dec-2023 13:32:25 America/Chicago] PHP Notice:  Undefined index:  in D:\home\murraystate.edu\wwwroot\cis420\202380\Faculty\faculty-report-generate.php on line 189
[04-Dec-2023 13:32:25 America/Chicago] PHP Notice:  Undefined offset: 1 in D:\home\murraystate.edu\wwwroot\cis420\202380\Faculty\faculty-report-generate.php on line 191
[04-Dec-2023 13:32:25 America/Chicago] PHP Notice:  Undefined index:  in D:\home\murraystate.edu\wwwroot\cis420\202380\Faculty\faculty-report-generate.php on line 191
[04-Dec-2023 13:32:25 America/Chicago] PHP Notice:  Undefined offset: 1 in D:\home\murraystate.edu\wwwroot\cis420\202380\Faculty\faculty-report-generate.php on line 193
[04-Dec-2023 13:32:25 America/Chicago] PHP Notice:  Undefined index:  in D:\home\murraystate.edu\wwwroot\cis420\202380\Faculty\faculty-report-generate.php on line 193
[04-Dec-2023 13:32:25 America/Chicago] PHP Notice:  Undefined offset: 1 in D:\home\murraystate.edu\wwwroot\cis420\202380\Faculty\faculty-report-generate.php on line 195
[04-Dec-2023 13:32:25 America/Chicago] PHP Notice:  Undefined index:  in D:\home\murraystate.edu\wwwroot\cis420\202380\Faculty\faculty-report-generate.php on line 195
[04-Dec-2023 13:32:25 America/Chicago] PHP Notice:  Undefined offset: 1 in D:\home\murraystate.edu\wwwroot\cis420\202380\Faculty\faculty-report-generate.php on line 196
[04-Dec-2023 13:32:25 America/Chicago] PHP Notice:  Undefined offset: 2 in D:\home\murraystate.edu\wwwroot\cis420\202380\Faculty\faculty-report-generate.php on line 189
[04-Dec-2023 13:32:25 America/Chicago] PHP Notice:  Undefined index:  in D:\home\murraystate.edu\wwwroot\cis420\202380\Faculty\faculty-report-generate.php on line 189
[04-Dec-2023 13:32:25 America/Chicago] PHP Notice:  Undefined offset: 2 in D:\home\murraystate.edu\wwwroot\cis420\202380\Faculty\faculty-report-generate.php on line 191
[04-Dec-2023 13:32:25 America/Chicago] PHP Notice:  Undefined index:  in D:\home\murraystate.edu\wwwroot\cis420\202380\Faculty\faculty-report-generate.php on line 191
[04-Dec-2023 13:32:25 America/Chicago] PHP Notice:  Undefined offset: 2 in D:\home\murraystate.edu\wwwroot\cis420\202380\Faculty\faculty-report-generate.php on line 193
[04-Dec-2023 13:32:25 America/Chicago] PHP Notice:  Undefined index:  in D:\home\murraystate.edu\wwwroot\cis420\202380\Faculty\faculty-report-generate.php on line 193
[04-Dec-2023 13:32:25 America/Chicago] PHP Notice:  Undefined offset: 2 in D:\home\murraystate.edu\wwwroot\cis420\202380\Faculty\faculty-report-generate.php on line 195
[04-Dec-2023 13:32:25 America/Chicago] PHP Notice:  Undefined index:  in D:\home\murraystate.edu\wwwroot\cis420\202380\Faculty\faculty-report-generate.php on line 195
[04-Dec-2023 13:32:25 America/Chicago] PHP Notice:  Undefined offset: 2 in D:\home\murraystate.edu\wwwroot\cis420\202380\Faculty\faculty-report-generate.php on line 196
[04-Dec-2023 13:32:25 America/Chicago] PHP Notice:  Undefined offset: 3 in D:\home\murraystate.edu\wwwroot\cis420\202380\Faculty\faculty-report-generate.php on line 189
[04-Dec-2023 13:32:25 America/Chicago] PHP Notice:  Undefined index:  in D:\home\murraystate.edu\wwwroot\cis420\202380\Faculty\faculty-report-generate.php on line 189
[04-Dec-2023 13:32:25 America/Chicago] PHP Notice:  Undefined offset: 3 in D:\home\murraystate.edu\wwwroot\cis420\202380\Faculty\faculty-report-generate.php on line 191
[04-Dec-2023 13:32:25 America/Chicago] PHP Notice:  Undefined index:  in D:\home\murraystate.edu\wwwroot\cis420\202380\Faculty\faculty-report-generate.php on line 191
[04-Dec-2023 13:32:25 America/Chicago] PHP Notice:  Undefined offset: 3 in D:\home\murraystate.edu\wwwroot\cis420\202380\Faculty\faculty-report-generate.php on line 193
[04-Dec-2023 13:32:25 America/Chicago] PHP Notice:  Undefined index:  in D:\home\murraystate.edu\wwwroot\cis420\202380\Faculty\faculty-report-generate.php on line 193
[04-Dec-2023 13:32:25 America/Chicago] PHP Notice:  Undefined offset: 3 in D:\home\murraystate.edu\wwwroot\cis420\202380\Faculty\faculty-report-generate.php on line 195
[04-Dec-2023 13:32:25 America/Chicago] PHP Notice:  Undefined index:  in D:\home\murraystate.edu\wwwroot\cis420\202380\Faculty\faculty-report-generate.php on line 195
[04-Dec-2023 13:32:25 America/Chicago] PHP Notice:  Undefined offset: 3 in D:\home\murraystate.edu\wwwroot\cis420\202380\Faculty\faculty-report-generate.php on line 196
[04-Dec-2023 13:32:25 America/Chicago] PHP Notice:  Undefined offset: 1 in D:\home\murraystate.edu\wwwroot\cis420\202380\Faculty\faculty-report-generate.php on line 189
[04-Dec-2023 13:32:25 America/Chicago] PHP Notice:  Undefined index:  in D:\home\murraystate.edu\wwwroot\cis420\202380\Faculty\faculty-report-generate.php on line 189
[04-Dec-2023 13:32:25 America/Chicago] PHP Notice:  Undefined offset: 1 in D:\home\murraystate.edu\wwwroot\cis420\202380\Faculty\faculty-report-generate.php on line 191
[04-Dec-2023 13:32:25 America/Chicago] PHP Notice:  Undefined index:  in D:\home\murraystate.edu\wwwroot\cis420\202380\Faculty\faculty-report-generate.php on line 191
[04-Dec-2023 13:32:25 America/Chicago] PHP Notice:  Undefined offset: 1 in D:\home\murraystate.edu\wwwroot\cis420\202380\Faculty\faculty-report-generate.php on line 193
[04-Dec-2023 13:32:25 America/Chicago] PHP Notice:  Undefined index:  in D:\home\murraystate.edu\wwwroot\cis420\202380\Faculty\faculty-report-generate.php on line 193
[04-Dec-2023 13:32:25 America/Chicago] PHP Notice:  Undefined offset: 1 in D:\home\murraystate.edu\wwwroot\cis420\202380\Faculty\faculty-report-generate.php on line 195
[04-Dec-2023 13:32:25 America/Chicago] PHP Notice:  Undefined index:  in D:\home\murraystate.edu\wwwroot\cis420\202380\Faculty\faculty-report-generate.php on line 195
[04-Dec-2023 13:32:25 America/Chicago] PHP Notice:  Undefined offset: 1 in D:\home\murraystate.edu\wwwroot\cis420\202380\Faculty\faculty-report-generate.php on line 196
[04-Dec-2023 13:32:25 America/Chicago] PHP Notice:  Undefined offset: 2 in D:\home\murraystate.edu\wwwroot\cis420\202380\Faculty\faculty-report-generate.php on line 189
[04-Dec-2023 13:32:25 America/Chicago] PHP Notice:  Undefined index:  in D:\home\murraystate.edu\wwwroot\cis420\202380\Faculty\faculty-report-generate.php on line 189
[04-Dec-2023 13:32:25 America/Chicago] PHP Notice:  Undefined offset: 2 in D:\home\murraystate.edu\wwwroot\cis420\202380\Faculty\faculty-report-generate.php on line 191
[04-Dec-2023 13:32:25 America/Chicago] PHP Notice:  Undefined index:  in D:\home\murraystate.edu\wwwroot\cis420\202380\Faculty\faculty-report-generate.php on line 191
[04-Dec-2023 13:32:25 America/Chicago] PHP Notice:  Undefined offset: 2 in D:\home\murraystate.edu\wwwroot\cis420\202380\Faculty\faculty-report-generate.php on line 193
[04-Dec-2023 13:32:25 America/Chicago] PHP Notice:  Undefined index:  in D:\home\murraystate.edu\wwwroot\cis420\202380\Faculty\faculty-report-generate.php on line 193
[04-Dec-2023 13:32:25 America/Chicago] PHP Notice:  Undefined offset: 2 in D:\home\murraystate.edu\wwwroot\cis420\202380\Faculty\faculty-report-generate.php on line 195
[04-Dec-2023 13:32:25 America/Chicago] PHP Notice:  Undefined index:  in D:\home\murraystate.edu\wwwroot\cis420\202380\Faculty\faculty-report-generate.php on line 195
[04-Dec-2023 13:32:25 America/Chicago] PHP Notice:  Undefined offset: 2 in D:\home\murraystate.edu\wwwroot\cis420\202380\Faculty\faculty-report-generate.php on line 196
[04-Dec-2023 13:32:25 America/Chicago] PHP Fatal error:  Uncaught Exception: FPDF error: Some data has already been output, can't send PDF file in D:\home\murraystate.edu\wwwroot\cis420\202380\Faculty\fpdf\fpdf.php:267
Stack trace:
#0 D:\home\murraystate.edu\wwwroot\cis420\202380\Faculty\fpdf\fpdf.php(1058): FPDF->Error('Some data has a...')
#1 D:\home\murraystate.edu\wwwroot\cis420\202380\Faculty\fpdf\fpdf.php(1017): FPDF->_checkoutput()
#2 D:\home\murraystate.edu\wwwroot\cis420\202380\Faculty\faculty-report-generate.php(215): FPDF->Output('D', 'MSU Student Rep...', false)
#3 {main}
  thrown in D:\home\murraystate.edu\wwwroot\cis420\202380\Faculty\fpdf\fpdf.php on line 267
[04-Dec-2023 13:32:32 America/Chicago] PHP Notice:  Undefined offset: 1 in D:\home\murraystate.edu\wwwroot\cis420\202380\Faculty\faculty-report-generate.php on line 189
[04-Dec-2023 13:32:32 America/Chicago] PHP Notice:  Undefined index:  in D:\home\murraystate.edu\wwwroot\cis420\202380\Faculty\faculty-report-generate.php on line 189
[04-Dec-2023 13:32:32 America/Chicago] PHP Notice:  Undefined offset: 1 in D:\home\murraystate.edu\wwwroot\cis420\202380\Faculty\faculty-report-generate.php on line 191
[04-Dec-2023 13:32:32 America/Chicago] PHP Notice:  Undefined index:  in D:\home\murraystate.edu\wwwroot\cis420\202380\Faculty\faculty-report-generate.php on line 191
[04-Dec-2023 13:32:32 America/Chicago] PHP Notice:  Undefined offset: 1 in D:\home\murraystate.edu\wwwroot\cis420\202380\Faculty\faculty-report-generate.php on line 193
[04-Dec-2023 13:32:32 America/Chicago] PHP Notice:  Undefined index:  in D:\home\murraystate.edu\wwwroot\cis420\202380\Faculty\faculty-report-generate.php on line 193
[04-Dec-2023 13:32:32 America/Chicago] PHP Notice:  Undefined offset: 1 in D:\home\murraystate.edu\wwwroot\cis420\202380\Faculty\faculty-report-generate.php on line 195
[04-Dec-2023 13:32:32 America/Chicago] PHP Notice:  Undefined index:  in D:\home\murraystate.edu\wwwroot\cis420\202380\Faculty\faculty-report-generate.php on line 195
[04-Dec-2023 13:32:32 America/Chicago] PHP Notice:  Undefined offset: 1 in D:\home\murraystate.edu\wwwroot\cis420\202380\Faculty\faculty-report-generate.php on line 196
[04-Dec-2023 13:32:32 America/Chicago] PHP Notice:  Undefined offset: 2 in D:\home\murraystate.edu\wwwroot\cis420\202380\Faculty\faculty-report-generate.php on line 189
[04-Dec-2023 13:32:32 America/Chicago] PHP Notice:  Undefined index:  in D:\home\murraystate.edu\wwwroot\cis420\202380\Faculty\faculty-report-generate.php on line 189
[04-Dec-2023 13:32:32 America/Chicago] PHP Notice:  Undefined offset: 2 in D:\home\murraystate.edu\wwwroot\cis420\202380\Faculty\faculty-report-generate.php on line 191
[04-Dec-2023 13:32:32 America/Chicago] PHP Notice:  Undefined index:  in D:\home\murraystate.edu\wwwroot\cis420\202380\Faculty\faculty-report-generate.php on line 191
[04-Dec-2023 13:32:32 America/Chicago] PHP Notice:  Undefined offset: 2 in D:\home\murraystate.edu\wwwroot\cis420\202380\Faculty\faculty-report-generate.php on line 193
[04-Dec-2023 13:32:32 America/Chicago] PHP Notice:  Undefined index:  in D:\home\murraystate.edu\wwwroot\cis420\202380\Faculty\faculty-report-generate.php on line 193
[04-Dec-2023 13:32:32 America/Chicago] PHP Notice:  Undefined offset: 2 in D:\home\murraystate.edu\wwwroot\cis420\202380\Faculty\faculty-report-generate.php on line 195
[04-Dec-2023 13:32:32 America/Chicago] PHP Notice:  Undefined index:  in D:\home\murraystate.edu\wwwroot\cis420\202380\Faculty\faculty-report-generate.php on line 195
[04-Dec-2023 13:32:32 America/Chicago] PHP Notice:  Undefined offset: 2 in D:\home\murraystate.edu\wwwroot\cis420\202380\Faculty\faculty-report-generate.php on line 196
[04-Dec-2023 13:32:32 America/Chicago] PHP Notice:  Undefined offset: 3 in D:\home\murraystate.edu\wwwroot\cis420\202380\Faculty\faculty-report-generate.php on line 189
[04-Dec-2023 13:32:32 America/Chicago] PHP Notice:  Undefined index:  in D:\home\murraystate.edu\wwwroot\cis420\202380\Faculty\faculty-report-generate.php on line 189
[04-Dec-2023 13:32:32 America/Chicago] PHP Notice:  Undefined offset: 3 in D:\home\murraystate.edu\wwwroot\cis420\202380\Faculty\faculty-report-generate.php on line 191
[04-Dec-2023 13:32:32 America/Chicago] PHP Notice:  Undefined index:  in D:\home\murraystate.edu\wwwroot\cis420\202380\Faculty\faculty-report-generate.php on line 191
[04-Dec-2023 13:32:32 America/Chicago] PHP Notice:  Undefined offset: 3 in D:\home\murraystate.edu\wwwroot\cis420\202380\Faculty\faculty-report-generate.php on line 193
[04-Dec-2023 13:32:32 America/Chicago] PHP Notice:  Undefined index:  in D:\home\murraystate.edu\wwwroot\cis420\202380\Faculty\faculty-report-generate.php on line 193
[04-Dec-2023 13:32:32 America/Chicago] PHP Notice:  Undefined offset: 3 in D:\home\murraystate.edu\wwwroot\cis420\202380\Faculty\faculty-report-generate.php on line 195
[04-Dec-2023 13:32:32 America/Chicago] PHP Notice:  Undefined index:  in D:\home\murraystate.edu\wwwroot\cis420\202380\Faculty\faculty-report-generate.php on line 195
[04-Dec-2023 13:32:32 America/Chicago] PHP Notice:  Undefined offset: 3 in D:\home\murraystate.edu\wwwroot\cis420\202380\Faculty\faculty-report-generate.php on line 196
[04-Dec-2023 13:32:32 America/Chicago] PHP Notice:  Undefined offset: 1 in D:\home\murraystate.edu\wwwroot\cis420\202380\Faculty\faculty-report-generate.php on line 189
[04-Dec-2023 13:32:32 America/Chicago] PHP Notice:  Undefined index:  in D:\home\murraystate.edu\wwwroot\cis420\202380\Faculty\faculty-report-generate.php on line 189
[04-Dec-2023 13:32:32 America/Chicago] PHP Notice:  Undefined offset: 1 in D:\home\murraystate.edu\wwwroot\cis420\202380\Faculty\faculty-report-generate.php on line 191
[04-Dec-2023 13:32:32 America/Chicago] PHP Notice:  Undefined index:  in D:\home\murraystate.edu\wwwroot\cis420\202380\Faculty\faculty-report-generate.php on line 191
[04-Dec-2023 13:32:32 America/Chicago] PHP Notice:  Undefined offset: 1 in D:\home\murraystate.edu\wwwroot\cis420\202380\Faculty\faculty-report-generate.php on line 193
[04-Dec-2023 13:32:32 America/Chicago] PHP Notice:  Undefined index:  in D:\home\murraystate.edu\wwwroot\cis420\202380\Faculty\faculty-report-generate.php on line 193
[04-Dec-2023 13:32:32 America/Chicago] PHP Notice:  Undefined offset: 1 in D:\home\murraystate.edu\wwwroot\cis420\202380\Faculty\faculty-report-generate.php on line 195
[04-Dec-2023 13:32:32 America/Chicago] PHP Notice:  Undefined index:  in D:\home\murraystate.edu\wwwroot\cis420\202380\Faculty\faculty-report-generate.php on line 195
[04-Dec-2023 13:32:32 America/Chicago] PHP Notice:  Undefined offset: 1 in D:\home\murraystate.edu\wwwroot\cis420\202380\Faculty\faculty-report-generate.php on line 196
[04-Dec-2023 13:32:32 America/Chicago] PHP Notice:  Undefined offset: 2 in D:\home\murraystate.edu\wwwroot\cis420\202380\Faculty\faculty-report-generate.php on line 189
[04-Dec-2023 13:32:32 America/Chicago] PHP Notice:  Undefined index:  in D:\home\murraystate.edu\wwwroot\cis420\202380\Faculty\faculty-report-generate.php on line 189
[04-Dec-2023 13:32:32 America/Chicago] PHP Notice:  Undefined offset: 2 in D:\home\murraystate.edu\wwwroot\cis420\202380\Faculty\faculty-report-generate.php on line 191
[04-Dec-2023 13:32:32 America/Chicago] PHP Notice:  Undefined index:  in D:\home\murraystate.edu\wwwroot\cis420\202380\Faculty\faculty-report-generate.php on line 191
[04-Dec-2023 13:32:32 America/Chicago] PHP Notice:  Undefined offset: 2 in D:\home\murraystate.edu\wwwroot\cis420\202380\Faculty\faculty-report-generate.php on line 193
[04-Dec-2023 13:32:32 America/Chicago] PHP Notice:  Undefined index:  in D:\home\murraystate.edu\wwwroot\cis420\202380\Faculty\faculty-report-generate.php on line 193
[04-Dec-2023 13:32:32 America/Chicago] PHP Notice:  Undefined offset: 2 in D:\home\murraystate.edu\wwwroot\cis420\202380\Faculty\faculty-report-generate.php on line 195
[04-Dec-2023 13:32:32 America/Chicago] PHP Notice:  Undefined index:  in D:\home\murraystate.edu\wwwroot\cis420\202380\Faculty\faculty-report-generate.php on line 195
[04-Dec-2023 13:32:32 America/Chicago] PHP Notice:  Undefined offset: 2 in D:\home\murraystate.edu\wwwroot\cis420\202380\Faculty\faculty-report-generate.php on line 196
[04-Dec-2023 13:32:32 America/Chicago] PHP Fatal error:  Uncaught Exception: FPDF error: Some data has already been output, can't send PDF file in D:\home\murraystate.edu\wwwroot\cis420\202380\Faculty\fpdf\fpdf.php:267
Stack trace:
#0 D:\home\murraystate.edu\wwwroot\cis420\202380\Faculty\fpdf\fpdf.php(1058): FPDF->Error('Some data has a...')
#1 D:\home\murraystate.edu\wwwroot\cis420\202380\Faculty\fpdf\fpdf.php(1017): FPDF->_checkoutput()
#2 D:\home\murraystate.edu\wwwroot\cis420\202380\Faculty\faculty-report-generate.php(215): FPDF->Output('D', 'MSU Student Rep...', false)
#3 {main}
  thrown in D:\home\murraystate.edu\wwwroot\cis420\202380\Faculty\fpdf\fpdf.php on line 267
[04-Dec-2023 13:32:35 America/Chicago] PHP Notice:  Undefined offset: 1 in D:\home\murraystate.edu\wwwroot\cis420\202380\Faculty\faculty-report-generate.php on line 189
[04-Dec-2023 13:32:35 America/Chicago] PHP Notice:  Undefined index:  in D:\home\murraystate.edu\wwwroot\cis420\202380\Faculty\faculty-report-generate.php on line 189
[04-Dec-2023 13:32:35 America/Chicago] PHP Notice:  Undefined offset: 1 in D:\home\murraystate.edu\wwwroot\cis420\202380\Faculty\faculty-report-generate.php on line 191
[04-Dec-2023 13:32:35 America/Chicago] PHP Notice:  Undefined index:  in D:\home\murraystate.edu\wwwroot\cis420\202380\Faculty\faculty-report-generate.php on line 191
[04-Dec-2023 13:32:35 America/Chicago] PHP Notice:  Undefined offset: 1 in D:\home\murraystate.edu\wwwroot\cis420\202380\Faculty\faculty-report-generate.php on line 193
[04-Dec-2023 13:32:35 America/Chicago] PHP Notice:  Undefined index:  in D:\home\murraystate.edu\wwwroot\cis420\202380\Faculty\faculty-report-generate.php on line 193
[04-Dec-2023 13:32:35 America/Chicago] PHP Notice:  Undefined offset: 1 in D:\home\murraystate.edu\wwwroot\cis420\202380\Faculty\faculty-report-generate.php on line 195
[04-Dec-2023 13:32:35 America/Chicago] PHP Notice:  Undefined index:  in D:\home\murraystate.edu\wwwroot\cis420\202380\Faculty\faculty-report-generate.php on line 195
[04-Dec-2023 13:32:35 America/Chicago] PHP Notice:  Undefined offset: 1 in D:\home\murraystate.edu\wwwroot\cis420\202380\Faculty\faculty-report-generate.php on line 196
[04-Dec-2023 13:32:35 America/Chicago] PHP Notice:  Undefined offset: 2 in D:\home\murraystate.edu\wwwroot\cis420\202380\Faculty\faculty-report-generate.php on line 189
[04-Dec-2023 13:32:35 America/Chicago] PHP Notice:  Undefined index:  in D:\home\murraystate.edu\wwwroot\cis420\202380\Faculty\faculty-report-generate.php on line 189
[04-Dec-2023 13:32:35 America/Chicago] PHP Notice:  Undefined offset: 2 in D:\home\murraystate.edu\wwwroot\cis420\202380\Faculty\faculty-report-generate.php on line 191
[04-Dec-2023 13:32:35 America/Chicago] PHP Notice:  Undefined index:  in D:\home\murraystate.edu\wwwroot\cis420\202380\Faculty\faculty-report-generate.php on line 191
[04-Dec-2023 13:32:35 America/Chicago] PHP Notice:  Undefined offset: 2 in D:\home\murraystate.edu\wwwroot\cis420\202380\Faculty\faculty-report-generate.php on line 193
[04-Dec-2023 13:32:35 America/Chicago] PHP Notice:  Undefined index:  in D:\home\murraystate.edu\wwwroot\cis420\202380\Faculty\faculty-report-generate.php on line 193
[04-Dec-2023 13:32:35 America/Chicago] PHP Notice:  Undefined offset: 2 in D:\home\murraystate.edu\wwwroot\cis420\202380\Faculty\faculty-report-generate.php on line 195
[04-Dec-2023 13:32:35 America/Chicago] PHP Notice:  Undefined index:  in D:\home\murraystate.edu\wwwroot\cis420\202380\Faculty\faculty-report-generate.php on line 195
[04-Dec-2023 13:32:35 America/Chicago] PHP Notice:  Undefined offset: 2 in D:\home\murraystate.edu\wwwroot\cis420\202380\Faculty\faculty-report-generate.php on line 196
[04-Dec-2023 13:32:35 America/Chicago] PHP Notice:  Undefined offset: 3 in D:\home\murraystate.edu\wwwroot\cis420\202380\Faculty\faculty-report-generate.php on line 189
[04-Dec-2023 13:32:35 America/Chicago] PHP Notice:  Undefined index:  in D:\home\murraystate.edu\wwwroot\cis420\202380\Faculty\faculty-report-generate.php on line 189
[04-Dec-2023 13:32:35 America/Chicago] PHP Notice:  Undefined offset: 3 in D:\home\murraystate.edu\wwwroot\cis420\202380\Faculty\faculty-report-generate.php on line 191
[04-Dec-2023 13:32:35 America/Chicago] PHP Notice:  Undefined index:  in D:\home\murraystate.edu\wwwroot\cis420\202380\Faculty\faculty-report-generate.php on line 191
[04-Dec-2023 13:32:35 America/Chicago] PHP Notice:  Undefined offset: 3 in D:\home\murraystate.edu\wwwroot\cis420\202380\Faculty\faculty-report-generate.php on line 193
[04-Dec-2023 13:32:35 America/Chicago] PHP Notice:  Undefined index:  in D:\home\murraystate.edu\wwwroot\cis420\202380\Faculty\faculty-report-generate.php on line 193
[04-Dec-2023 13:32:35 America/Chicago] PHP Notice:  Undefined offset: 3 in D:\home\murraystate.edu\wwwroot\cis420\202380\Faculty\faculty-report-generate.php on line 195
[04-Dec-2023 13:32:35 America/Chicago] PHP Notice:  Undefined index:  in D:\home\murraystate.edu\wwwroot\cis420\202380\Faculty\faculty-report-generate.php on line 195
[04-Dec-2023 13:32:35 America/Chicago] PHP Notice:  Undefined offset: 3 in D:\home\murraystate.edu\wwwroot\cis420\202380\Faculty\faculty-report-generate.php on line 196
[04-Dec-2023 13:32:35 America/Chicago] PHP Notice:  Undefined offset: 1 in D:\home\murraystate.edu\wwwroot\cis420\202380\Faculty\faculty-report-generate.php on line 189
[04-Dec-2023 13:32:35 America/Chicago] PHP Notice:  Undefined index:  in D:\home\murraystate.edu\wwwroot\cis420\202380\Faculty\faculty-report-generate.php on line 189
[04-Dec-2023 13:32:35 America/Chicago] PHP Notice:  Undefined offset: 1 in D:\home\murraystate.edu\wwwroot\cis420\202380\Faculty\faculty-report-generate.php on line 191
[04-Dec-2023 13:32:35 America/Chicago] PHP Notice:  Undefined index:  in D:\home\murraystate.edu\wwwroot\cis420\202380\Faculty\faculty-report-generate.php on line 191
[04-Dec-2023 13:32:35 America/Chicago] PHP Notice:  Undefined offset: 1 in D:\home\murraystate.edu\wwwroot\cis420\202380\Faculty\faculty-report-generate.php on line 193
[04-Dec-2023 13:32:35 America/Chicago] PHP Notice:  Undefined index:  in D:\home\murraystate.edu\wwwroot\cis420\202380\Faculty\faculty-report-generate.php on line 193
[04-Dec-2023 13:32:35 America/Chicago] PHP Notice:  Undefined offset: 1 in D:\home\murraystate.edu\wwwroot\cis420\202380\Faculty\faculty-report-generate.php on line 195
[04-Dec-2023 13:32:35 America/Chicago] PHP Notice:  Undefined index:  in D:\home\murraystate.edu\wwwroot\cis420\202380\Faculty\faculty-report-generate.php on line 195
[04-Dec-2023 13:32:35 America/Chicago] PHP Notice:  Undefined offset: 1 in D:\home\murraystate.edu\wwwroot\cis420\202380\Faculty\faculty-report-generate.php on line 196
[04-Dec-2023 13:32:35 America/Chicago] PHP Notice:  Undefined offset: 2 in D:\home\murraystate.edu\wwwroot\cis420\202380\Faculty\faculty-report-generate.php on line 189
[04-Dec-2023 13:32:35 America/Chicago] PHP Notice:  Undefined index:  in D:\home\murraystate.edu\wwwroot\cis420\202380\Faculty\faculty-report-generate.php on line 189
[04-Dec-2023 13:32:35 America/Chicago] PHP Notice:  Undefined offset: 2 in D:\home\murraystate.edu\wwwroot\cis420\202380\Faculty\faculty-report-generate.php on line 191
[04-Dec-2023 13:32:35 America/Chicago] PHP Notice:  Undefined index:  in D:\home\murraystate.edu\wwwroot\cis420\202380\Faculty\faculty-report-generate.php on line 191
[04-Dec-2023 13:32:35 America/Chicago] PHP Notice:  Undefined offset: 2 in D:\home\murraystate.edu\wwwroot\cis420\202380\Faculty\faculty-report-generate.php on line 193
[04-Dec-2023 13:32:35 America/Chicago] PHP Notice:  Undefined index:  in D:\home\murraystate.edu\wwwroot\cis420\202380\Faculty\faculty-report-generate.php on line 193
[04-Dec-2023 13:32:35 America/Chicago] PHP Notice:  Undefined offset: 2 in D:\home\murraystate.edu\wwwroot\cis420\202380\Faculty\faculty-report-generate.php on line 195
[04-Dec-2023 13:32:35 America/Chicago] PHP Notice:  Undefined index:  in D:\home\murraystate.edu\wwwroot\cis420\202380\Faculty\faculty-report-generate.php on line 195
[04-Dec-2023 13:32:35 America/Chicago] PHP Notice:  Undefined offset: 2 in D:\home\murraystate.edu\wwwroot\cis420\202380\Faculty\faculty-report-generate.php on line 196
[04-Dec-2023 13:32:35 America/Chicago] PHP Fatal error:  Uncaught Exception: FPDF error: Some data has already been output, can't send PDF file in D:\home\murraystate.edu\wwwroot\cis420\202380\Faculty\fpdf\fpdf.php:267
Stack trace:
#0 D:\home\murraystate.edu\wwwroot\cis420\202380\Faculty\fpdf\fpdf.php(1058): FPDF->Error('Some data has a...')
#1 D:\home\murraystate.edu\wwwroot\cis420\202380\Faculty\fpdf\fpdf.php(1017): FPDF->_checkoutput()
#2 D:\home\murraystate.edu\wwwroot\cis420\202380\Faculty\faculty-report-generate.php(215): FPDF->Output('D', 'MSU Student Rep...', false)
#3 {main}
  thrown in D:\home\murraystate.edu\wwwroot\cis420\202380\Faculty\fpdf\fpdf.php on line 267
[04-Dec-2023 13:39:50 America/Chicago] PHP Notice:  Undefined index: End in D:\home\murraystate.edu\wwwroot\cis420\202380\Faculty\faculty-report-generate.php on line 195
[04-Dec-2023 13:39:50 America/Chicago] PHP Notice:  Undefined index: End in D:\home\murraystate.edu\wwwroot\cis420\202380\Faculty\faculty-report-generate.php on line 195
[04-Dec-2023 13:39:50 America/Chicago] PHP Notice:  Undefined index: End in D:\home\murraystate.edu\wwwroot\cis420\202380\Faculty\faculty-report-generate.php on line 195
[04-Dec-2023 13:39:50 America/Chicago] PHP Notice:  Undefined index: End in D:\home\murraystate.edu\wwwroot\cis420\202380\Faculty\faculty-report-generate.php on line 195
[04-Dec-2023 13:39:50 America/Chicago] PHP Fatal error:  Uncaught Exception: FPDF error: Some data has already been output, can't send PDF file in D:\home\murraystate.edu\wwwroot\cis420\202380\Faculty\fpdf\fpdf.php:267
Stack trace:
#0 D:\home\murraystate.edu\wwwroot\cis420\202380\Faculty\fpdf\fpdf.php(1058): FPDF->Error('Some data has a...')
#1 D:\home\murraystate.edu\wwwroot\cis420\202380\Faculty\fpdf\fpdf.php(1017): FPDF->_checkoutput()
#2 D:\home\murraystate.edu\wwwroot\cis420\202380\Faculty\faculty-report-generate.php(215): FPDF->Output('D', 'MSU Student Rep...', false)
#3 {main}
  thrown in D:\home\murraystate.edu\wwwroot\cis420\202380\Faculty\fpdf\fpdf.php on line 267
[04-Dec-2023 13:40:08 America/Chicago] PHP Notice:  Undefined offset: 2 in D:\home\murraystate.edu\wwwroot\cis420\202380\Faculty\faculty-report-generate.php on line 195
[04-Dec-2023 13:40:08 America/Chicago] PHP Notice:  Undefined index:  in D:\home\murraystate.edu\wwwroot\cis420\202380\Faculty\faculty-report-generate.php on line 195
[04-Dec-2023 13:40:08 America/Chicago] PHP Notice:  Undefined offset: 2 in D:\home\murraystate.edu\wwwroot\cis420\202380\Faculty\faculty-report-generate.php on line 195
[04-Dec-2023 13:40:08 America/Chicago] PHP Notice:  Undefined index:  in D:\home\murraystate.edu\wwwroot\cis420\202380\Faculty\faculty-report-generate.php on line 195
[04-Dec-2023 13:40:08 America/Chicago] PHP Fatal error:  Uncaught Exception: FPDF error: Some data has already been output, can't send PDF file in D:\home\murraystate.edu\wwwroot\cis420\202380\Faculty\fpdf\fpdf.php:267
Stack trace:
#0 D:\home\murraystate.edu\wwwroot\cis420\202380\Faculty\fpdf\fpdf.php(1058): FPDF->Error('Some data has a...')
#1 D:\home\murraystate.edu\wwwroot\cis420\202380\Faculty\fpdf\fpdf.php(1017): FPDF->_checkoutput()
#2 D:\home\murraystate.edu\wwwroot\cis420\202380\Faculty\faculty-report-generate.php(215): FPDF->Output('D', 'MSU Student Rep...', false)
#3 {main}
  thrown in D:\home\murraystate.edu\wwwroot\cis420\202380\Faculty\fpdf\fpdf.php on line 267
